Insstruction : + ||| 8
Insstruction : [ ||| 8
Insstruction : > ||| 1
Insstruction : + ||| 1
Insstruction : > ||| 1
Insstruction : + ||| 4
Insstruction : > ||| -2
Insstruction : + ||| -1
Insstruction : ] ||| 1
Insstruction : > ||| 1
Insstruction : + ||| 2
Insstruction : > ||| 2
Insstruction : + ||| 1
Insstruction : > ||| -1
Insstruction : [ ||| 24
Insstruction : + ||| -1
Insstruction : M ||| 2
Insstruction : + ||| 1
Insstruction : > ||| 2
Insstruction : ] ||| 14
Insstruction : > ||| 1
Insstruction : + ||| 1
Insstruction : [ ||| 75
Insstruction : + ||| -1
Insstruction : > ||| -3
Insstruction : [ ||| 65
Insstruction : + ||| -1
Insstruction : > ||| 1
Insstruction : [ ||| 44
Insstruction : + ||| 1
Insstruction : [ ||| 37
Insstruction : + ||| -1
Insstruction : ] ||| 35
Insstruction : + ||| 1
Insstruction : > ||| 1
Insstruction : + ||| 2
Insstruction : > ||| 3
Insstruction : + ||| -1
Insstruction : > ||| -2
Insstruction : ] ||| 33
Insstruction : > ||| -1
Insstruction : [ ||| 48
Insstruction : > ||| -1
Insstruction : ] ||| 46
Insstruction : > ||| 2
Insstruction : + ||| 6
Insstruction : [ ||| 56
Insstruction : > ||| -2
Insstruction : + ||| 5
Insstruction : > ||| 2
Insstruction : + ||| -1
Insstruction : ] ||| 51
Insstruction : + ||| 1
Insstruction : > ||| -2
Insstruction : + ||| 2
Insstruction : . ||| 1
Insstruction : [ ||| 63
Insstruction : + ||| -1
Insstruction : ] ||| 61
Insstruction : > ||| -2
Insstruction : ] ||| 30
Insstruction : > ||| 1
Insstruction : . ||| 1
Insstruction : > ||| 1
Insstruction : + ||| 1
Insstruction : [ ||| 72
Insstruction : > ||| 2
Insstruction : ] ||| 70
Insstruction : > ||| 1
Insstruction : + ||| 1
Insstruction : ] ||| 27
