Insstruction : + ||| 13
Insstruction : [ ||| 12
Insstruction : + ||| -1
Insstruction : > ||| 1
Insstruction : + ||| 2
Insstruction : > ||| 3
Insstruction : + ||| 5
Insstruction : > ||| 1
Insstruction : + ||| 2
Insstruction : > ||| 1
Insstruction : + ||| 1
Insstruction : > ||| -6
Insstruction : ] ||| 1
Insstruction : > ||| 5
Insstruction : + ||| 6
Insstruction : > ||| 1
Insstruction : + ||| -3
Insstruction : > ||| 10
Insstruction : + ||| 15
Insstruction : [ ||| 29
Insstruction : [ ||| 22
Insstruction : > ||| 9
Insstruction : ] ||| 20
Insstruction : + ||| 1
Insstruction : [ ||| 26
Insstruction : > ||| -9
Insstruction : ] ||| 24
Insstruction : > ||| 9
Insstruction : + ||| -1
Insstruction : ] ||| 19
Insstruction : + ||| 1
Insstruction : [ ||| 37
Insstruction : > ||| 8
Insstruction : [ ||| 35
Insstruction : + ||| -1
Insstruction : ] ||| 33
Insstruction : > ||| 1
Insstruction : ] ||| 31
Insstruction : > ||| -9
Insstruction : [ ||| 41
Insstruction : > ||| -9
Insstruction : ] ||| 39
Insstruction : > ||| 8
Insstruction : [ ||| 45
Insstruction : + ||| -1
Insstruction : ] ||| 43
Insstruction : + ||| 1
Insstruction : > ||| -7
Insstruction : + ||| 5
Insstruction : [ ||| 58
Insstruction : + ||| -1
Insstruction : M ||| 9
Insstruction : > ||| 9
Insstruction : ] ||| 44
Insstruction : > ||| 7
Insstruction : + ||| 1
Insstruction : > ||| 26
Insstruction : > ||| 1
Insstruction : + ||| 1
Insstruction : > ||| -17
Insstruction : [ ||| 62
Insstruction : > ||| -9
Insstruction : ] ||| 60
